This is pdfTeX, Version 3.14159265-2.6-1.40.17 (TeX Live 2016/W32TeX) (preloaded format=pdflatex 2016.6.16)  18 JUN 2016 21:35
entering extended mode
 restricted \write18 enabled.
 %&-line parsing enabled.
**"./Software Engineering.tex"
(./Software Engineering.tex
LaTeX2e <2016/03/31>
Babel <3.9r> and hyphenation patterns for 83 language(s) loaded.
(c:/texlive/2016/texmf-dist/tex/latex/ieeetran/IEEEtran.cls
Document Class: IEEEtran 2015/08/26 V1.8b by Michael Shell
-- See the "IEEEtran_HOWTO" manual for usage information.
-- http://www.michaelshell.org/tex/ieeetran/
\@IEEEtrantmpdimenA=\dimen102
\@IEEEtrantmpdimenB=\dimen103
\@IEEEtrantmpdimenC=\dimen104
\@IEEEtrantmpcountA=\count79
\@IEEEtrantmpcountB=\count80
\@IEEEtrantmpcountC=\count81
\@IEEEtrantmptoksA=\toks14
LaTeX Font Info:    Try loading font information for OT1+ppl on input line 503.

(c:/texlive/2016/texmf-dist/tex/latex/psnfss/ot1ppl.fd
File: ot1ppl.fd 2001/06/04 font definitions for OT1/ppl.
)
-- Using IEEE Computer Society mode.
-- Using 8.5in x 11in (letter) paper.
-- Using PDF output.
\@IEEEnormalsizeunitybaselineskip=\dimen105
-- This is a 10 point document.
\CLASSINFOnormalsizebaselineskip=\dimen106
\CLASSINFOnormalsizeunitybaselineskip=\dimen107
\IEEEnormaljot=\dimen108
LaTeX Font Info:    Font shape `OT1/ppl/bx/n' in size <5.01874> not available
(Font)              Font shape `OT1/ppl/b/n' tried instead on input line 1090.
LaTeX Font Info:    Font shape `OT1/ppl/bx/it' in size <5.01874> not available
(Font)              Font shape `OT1/ppl/b/it' tried instead on input line 1090.

LaTeX Font Info:    Font shape `OT1/ppl/bx/n' in size <7.02625> not available
(Font)              Font shape `OT1/ppl/b/n' tried instead on input line 1090.
LaTeX Font Info:    Font shape `OT1/ppl/bx/it' in size <7.02625> not available
(Font)              Font shape `OT1/ppl/b/it' tried instead on input line 1090.

LaTeX Font Info:    Font shape `OT1/ppl/bx/n' in size <8.03> not available
(Font)              Font shape `OT1/ppl/b/n' tried instead on input line 1090.
LaTeX Font Info:    Font shape `OT1/ppl/bx/it' in size <8.03> not available
(Font)              Font shape `OT1/ppl/b/it' tried instead on input line 1090.

LaTeX Font Info:    Font shape `OT1/ppl/bx/n' in size <9.03374> not available
(Font)              Font shape `OT1/ppl/b/n' tried instead on input line 1090.
LaTeX Font Info:    Font shape `OT1/ppl/bx/it' in size <9.03374> not available
(Font)              Font shape `OT1/ppl/b/it' tried instead on input line 1090.

LaTeX Font Info:    Font shape `OT1/ppl/bx/n' in size <9.53561> not available
(Font)              Font shape `OT1/ppl/b/n' tried instead on input line 1090.
LaTeX Font Info:    Font shape `OT1/ppl/bx/it' in size <9.53561> not available
(Font)              Font shape `OT1/ppl/b/it' tried instead on input line 1090.

LaTeX Font Info:    Font shape `OT1/ppl/bx/n' in size <11.04124> not available
(Font)              Font shape `OT1/ppl/b/n' tried instead on input line 1090.
LaTeX Font Info:    Font shape `OT1/ppl/bx/it' in size <11.04124> not available

(Font)              Font shape `OT1/ppl/b/it' tried instead on input line 1090.

LaTeX Font Info:    Font shape `OT1/ppl/bx/n' in size <12.045> not available
(Font)              Font shape `OT1/ppl/b/n' tried instead on input line 1090.
LaTeX Font Info:    Font shape `OT1/ppl/bx/it' in size <12.045> not available
(Font)              Font shape `OT1/ppl/b/it' tried instead on input line 1090.

LaTeX Font Info:    Font shape `OT1/ppl/bx/n' in size <17.06374> not available
(Font)              Font shape `OT1/ppl/b/n' tried instead on input line 1090.
LaTeX Font Info:    Font shape `OT1/ppl/bx/it' in size <17.06374> not available

(Font)              Font shape `OT1/ppl/b/it' tried instead on input line 1090.

LaTeX Font Info:    Font shape `OT1/ppl/bx/n' in size <20.075> not available
(Font)              Font shape `OT1/ppl/b/n' tried instead on input line 1090.
LaTeX Font Info:    Font shape `OT1/ppl/bx/it' in size <20.075> not available
(Font)              Font shape `OT1/ppl/b/it' tried instead on input line 1090.

LaTeX Font Info:    Font shape `OT1/ppl/bx/n' in size <24.09> not available
(Font)              Font shape `OT1/ppl/b/n' tried instead on input line 1090.
LaTeX Font Info:    Font shape `OT1/ppl/bx/it' in size <24.09> not available
(Font)              Font shape `OT1/ppl/b/it' tried instead on input line 1090.

\IEEEquantizedlength=\dimen109
\IEEEquantizedlengthdiff=\dimen110
\IEEEquantizedtextheightdiff=\dimen111
\IEEEilabelindentA=\dimen112
\IEEEilabelindentB=\dimen113
\IEEEilabelindent=\dimen114
\IEEEelabelindent=\dimen115
\IEEEdlabelindent=\dimen116
\IEEElabelindent=\dimen117
\IEEEiednormlabelsep=\dimen118
\IEEEiedmathlabelsep=\dimen119
\IEEEiedtopsep=\skip41
\c@section=\count82
\c@subsection=\count83
\c@subsubsection=\count84
\c@paragraph=\count85
\c@IEEEsubequation=\count86
\abovecaptionskip=\skip42
\belowcaptionskip=\skip43
\c@figure=\count87
\c@table=\count88
\@IEEEeqnnumcols=\count89
\@IEEEeqncolcnt=\count90
\@IEEEsubeqnnumrollback=\count91
\@IEEEquantizeheightA=\dimen120
\@IEEEquantizeheightB=\dimen121
\@IEEEquantizeheightC=\dimen122
\@IEEEquantizeprevdepth=\dimen123
\@IEEEquantizemultiple=\count92
\@IEEEquantizeboxA=\box26
\@IEEEtmpitemindent=\dimen124
\IEEEPARstartletwidth=\dimen125
\c@IEEEbiography=\count93
\@IEEEtranrubishbin=\box27
) (c:/texlive/2016/texmf-dist/tex/latex/fancyvrb/fancyvrb.sty
Package: fancyvrb 2008/02/07

Style option: `fancyvrb' v2.7a, with DG/SPQR fixes, and firstline=lastline fix 
<2008/02/07> (tvz) (c:/texlive/2016/texmf-dist/tex/latex/graphics/keyval.sty
Package: keyval 2014/10/28 v1.15 key=value parser (DPC)
\KV@toks@=\toks15
)
\FV@CodeLineNo=\count94
\FV@InFile=\read1
\FV@TabBox=\box28
\c@FancyVerbLine=\count95
\FV@StepNumber=\count96
\FV@OutFile=\write3
)
(c:/texlive/2016/texmf-dist/tex/latex/tools/enumerate.sty
Package: enumerate 2015/07/23 v3.00 enumerate extensions (DPC)
\@enLab=\toks16
)
(c:/texlive/2016/texmf-dist/tex/latex/graphics/graphicx.sty
Package: graphicx 2014/10/28 v1.0g Enhanced LaTeX Graphics (DPC,SPQR)

(c:/texlive/2016/texmf-dist/tex/latex/graphics/graphics.sty
Package: graphics 2016/05/09 v1.0r Standard LaTeX Graphics (DPC,SPQR)

(c:/texlive/2016/texmf-dist/tex/latex/graphics/trig.sty
Package: trig 2016/01/03 v1.10 sin cos tan (DPC)
)
(c:/texlive/2016/texmf-dist/tex/latex/graphics-cfg/graphics.cfg
File: graphics.cfg 2016/01/02 v1.10 sample graphics configuration
)
Package graphics Info: Driver file: pdftex.def on input line 96.

(c:/texlive/2016/texmf-dist/tex/latex/pdftex-def/pdftex.def
File: pdftex.def 2011/05/27 v0.06d Graphics/color for pdfTeX

(c:/texlive/2016/texmf-dist/tex/generic/oberdiek/infwarerr.sty
Package: infwarerr 2016/05/16 v1.4 Providing info/warning/error messages (HO)
)
(c:/texlive/2016/texmf-dist/tex/generic/oberdiek/ltxcmds.sty
Package: ltxcmds 2016/05/16 v1.23 LaTeX kernel commands for general use (HO)
)
\Gread@gobject=\count97
))
\Gin@req@height=\dimen126
\Gin@req@width=\dimen127
)
(c:/texlive/2016/texmf-dist/tex/latex/here/here.sty)
(c:/texlive/2016/texmf-dist/tex/latex/float/float.sty
Package: float 2001/11/08 v1.3d Float enhancements (AL)
\c@float@type=\count98
\float@exts=\toks17
\float@box=\box29
\@float@everytoks=\toks18
\@floatcapt=\box30
)
(c:/texlive/2016/texmf-dist/tex/latex/caption/caption.sty
Package: caption 2016/02/21 v3.3-144 Customizing captions (AR)

(c:/texlive/2016/texmf-dist/tex/latex/caption/caption3.sty
Package: caption3 2016/02/04 v1.7-139 caption3 kernel (AR)
Package caption3 Info: TeX engine: e-TeX on input line 67.
\captionmargin=\dimen128
\captionmargin@=\dimen129
\captionwidth=\dimen130
\caption@tempdima=\dimen131
\caption@indent=\dimen132
\caption@parindent=\dimen133
\caption@hangindent=\dimen134
Package caption Info: Unknown document class (or package),
(caption)             standard defaults will be used.
)

Package caption Warning: Unsupported document class (or package) detected,
(caption)                usage of the caption package is not recommended.
See the caption package documentation for explanation.

Package caption Info: \@makecaption = \long macro:#1#2->\ifx \@captype \@IEEEta
blestring \footnotesize \bgroup \par \centering \@IEEEtabletopskipstrut {\norma
lfont \sffamily \footnotesize #1}\\{\normalfont \sffamily \footnotesize #2}\par
 \addvspace {0.5\baselineskip }\egroup \@IEEEtablecaptionsepspace \else \@IEEEf
igurecaptionsepspace \setbox \@tempboxa \hbox {\normalfont \sffamily \footnotes
ize {#1.}\nobreakspace #2}\ifdim \wd \@tempboxa >\hsize \setbox \@tempboxa \hbo
x {\normalfont \sffamily \footnotesize {#1.}\nobreakspace }\parbox [t]{\hsize }
{\normalfont \sffamily \footnotesize \noindent \unhbox \@tempboxa #2}\else \hbo
x to\hsize {\normalfont \sffamily \footnotesize \box \@tempboxa \hfil }\fi \fi 
.
\c@ContinuedFloat=\count99
Package caption Info: float package is loaded.
) (c:/texlive/2016/texmf-dist/tex/latex/cite/cite.sty
LaTeX Info: Redefining \cite on input line 302.
LaTeX Info: Redefining \nocite on input line 332.
Package: cite 2015/02/27  v 5.5
)
(./Software Engineering.aux)
\openout1 = `"Software Engineering.aux"'.

LaTeX Font Info:    Checking defaults for OML/cmm/m/it on input line 526.
LaTeX Font Info:    ... okay on input line 526.
LaTeX Font Info:    Checking defaults for T1/cmr/m/n on input line 526.
LaTeX Font Info:    ... okay on input line 526.
LaTeX Font Info:    Checking defaults for OT1/cmr/m/n on input line 526.
LaTeX Font Info:    ... okay on input line 526.
LaTeX Font Info:    Checking defaults for OMS/cmsy/m/n on input line 526.
LaTeX Font Info:    ... okay on input line 526.
LaTeX Font Info:    Checking defaults for OMX/cmex/m/n on input line 526.
LaTeX Font Info:    ... okay on input line 526.
LaTeX Font Info:    Checking defaults for U/cmr/m/n on input line 526.
LaTeX Font Info:    ... okay on input line 526.

-- Lines per column: 61 (exact).
(c:/texlive/2016/texmf-dist/tex/context/base/mkii/supp-pdf.mkii
[Loading MPS to PDF converter (version 2006.09.02).]
\scratchcounter=\count100
\scratchdimen=\dimen135
\scratchbox=\box31
\nofMPsegments=\count101
\nofMParguments=\count102
\everyMPshowfont=\toks19
\MPscratchCnt=\count103
\MPscratchDim=\dimen136
\MPnumerator=\count104
\makeMPintoPDFobject=\count105
\everyMPtoPDFconversion=\toks20
) (c:/texlive/2016/texmf-dist/tex/generic/oberdiek/pdftexcmds.sty
Package: pdftexcmds 2016/05/10 v0.21 Utility functions of pdfTeX for LuaTeX (HO
)

(c:/texlive/2016/texmf-dist/tex/generic/oberdiek/ifluatex.sty
Package: ifluatex 2016/05/16 v1.4 Provides the ifluatex switch (HO)
Package ifluatex Info: LuaTeX not detected.
)
(c:/texlive/2016/texmf-dist/tex/generic/oberdiek/ifpdf.sty
Package: ifpdf 2016/05/14 v3.1 Provides the ifpdf switch
)
Package pdftexcmds Info: LuaTeX not detected.
Package pdftexcmds Info: \pdf@primitive is available.
Package pdftexcmds Info: \pdf@ifprimitive is available.
Package pdftexcmds Info: \pdfdraftmode found.
)
(c:/texlive/2016/texmf-dist/tex/latex/oberdiek/epstopdf-base.sty
Package: epstopdf-base 2016/05/15 v2.6 Base part for package epstopdf

(c:/texlive/2016/texmf-dist/tex/latex/oberdiek/grfext.sty
Package: grfext 2016/05/16 v1.2 Manage graphics extensions (HO)

(c:/texlive/2016/texmf-dist/tex/generic/oberdiek/kvdefinekeys.sty
Package: kvdefinekeys 2016/05/16 v1.4 Define keys (HO)
))
(c:/texlive/2016/texmf-dist/tex/latex/oberdiek/kvoptions.sty
Package: kvoptions 2016/05/16 v3.12 Key value format for package options (HO)

(c:/texlive/2016/texmf-dist/tex/generic/oberdiek/kvsetkeys.sty
Package: kvsetkeys 2016/05/16 v1.17 Key value parser (HO)

(c:/texlive/2016/texmf-dist/tex/generic/oberdiek/etexcmds.sty
Package: etexcmds 2016/05/16 v1.6 Avoid name clashes with e-TeX commands (HO)
Package etexcmds Info: Could not find \expanded.
(etexcmds)             That can mean that you are not using pdfTeX 1.50 or
(etexcmds)             that some package has redefined \expanded.
(etexcmds)             In the latter case, load this package earlier.
)))
Package grfext Info: Graphics extension search list:
(grfext)             [.png,.pdf,.jpg,.mps,.jpeg,.jbig2,.jb2,.PNG,.PDF,.JPG,.JPE
G,.JBIG2,.JB2,.eps]
(grfext)             \AppendGraphicsExtensions on input line 456.

(c:/texlive/2016/texmf-dist/tex/latex/latexconfig/epstopdf-sys.cfg
File: epstopdf-sys.cfg 2010/07/13 v1.3 Configuration of (r)epstopdf for TeX Liv
e
))
Package caption Info: Begin \AtBeginDocument code.
Package caption Info: End \AtBeginDocument code.
LaTeX Font Info:    Calculating math sizes for size <9.53561> on input line 567
.
LaTeX Font Info:    External font `cmex10' loaded for size
(Font)              <9.53561> on input line 567.
LaTeX Font Info:    External font `cmex10' loaded for size
(Font)              <6.6749> on input line 567.
LaTeX Font Info:    External font `cmex10' loaded for size
(Font)              <4.7678> on input line 567.
LaTeX Font Info:    Try loading font information for OT1+phv on input line 640.


(c:/texlive/2016/texmf-dist/tex/latex/psnfss/ot1phv.fd
File: ot1phv.fd 2001/06/04 scalable font definitions for OT1/phv.
) [1{c:/texlive/2016/texmf-dist/fonts/map/pdftex/updmap/pdftex.map}


]
LaTeX Font Info:    Font shape `OT1/phv/m/it' in size <11.04124> not available
(Font)              Font shape `OT1/phv/m/sl' tried instead on input line 640.
LaTeX Font Info:    Font shape `OT1/phv/bx/n' in size <8.03> not available
(Font)              Font shape `OT1/phv/b/n' tried instead on input line 640.
Missing character: There is no ‚ in font phvr7t!
Missing character: There is no Ä in font phvr7t!
Missing character: There is no ú in font phvr7t!
Missing character: There is no ‚ in font phvr7t!
Missing character: There is no Ä in font phvr7t!
Missing character: There is no ù in font phvr7t!
LaTeX Font Info:    Calculating math sizes for size <11.04124> on input line 64
0.
LaTeX Font Info:    External font `cmex10' loaded for size
(Font)              <11.04124> on input line 640.
LaTeX Font Info:    External font `cmex10' loaded for size
(Font)              <7.72884> on input line 640.
LaTeX Font Info:    External font `cmex10' loaded for size
(Font)              <5.52061> on input line 640.
LaTeX Font Info:    Try loading font information for U+pzd on input line 640.

(c:/texlive/2016/texmf-dist/tex/latex/psnfss/upzd.fd
File: upzd.fd 2001/06/04 font definitions for U/pzd.
)
Missing character: There is no ‚ in font phvr7t!
Missing character: There is no Ä in font phvr7t!
Missing character: There is no ú in font phvr7t!
Missing character: There is no ‚ in font phvr7t!
Missing character: There is no Ä in font phvr7t!
Missing character: There is no ù in font phvr7t!
Missing character: There is no ‚ in font phvr7t!
Missing character: There is no Ä in font phvr7t!
Missing character: There is no ú in font phvr7t!
Missing character: There is no ‚ in font phvr7t!
Missing character: There is no Ä in font phvr7t!
Missing character: There is no ù in font phvr7t!
LaTeX Font Info:    Calculating math sizes for size <8.03> on input line 640.
LaTeX Font Info:    External font `cmex10' loaded for size
(Font)              <8.03> on input line 640.
LaTeX Font Info:    External font `cmex10' loaded for size
(Font)              <5.62097> on input line 640.
LaTeX Font Info:    External font `cmex10' loaded for size
(Font)              <4.015> on input line 640.

Underfull \hbox (badness 10000) in paragraph at lines 640--640

 []

LaTeX Font Info:    Font shape `OT1/phv/bx/n' in size <11.04124> not available
(Font)              Font shape `OT1/phv/b/n' tried instead on input line 665.
LaTeX Font Info:    Font shape `OT1/phv/bx/sc' in size <11.04124> not available

(Font)              Font shape `OT1/phv/b/sc' tried instead on input line 665.
Missing character: There is no ‚ in font pplr7t!
Missing character: There is no Ä in font pplr7t!
Missing character: There is no ô in font pplr7t!

Underfull \hbox (badness 2376) in paragraph at lines 696--699
\OT1/ppl/m/n/9.53561 so-cial area and ben-e-fit daily hu-man life. Es-pe-cially
,
 []


Underfull \hbox (badness 10000) in paragraph at lines 696--699

 []

LaTeX Font Info:    Font shape `OT1/phv/bx/n' in size <9.53561> not available
(Font)              Font shape `OT1/phv/b/n' tried instead on input line 715.

Underfull \hbox (badness 10000) in paragraph at lines 715--715

 []

LaTeX Font Info:    Font shape `OT1/phv/m/it' in size <9.53561> not available
(Font)              Font shape `OT1/phv/m/sl' tried instead on input line 720.
Missing character: There is no ‚ in font pplr7t!
Missing character: There is no Ä in font pplr7t!
Missing character: There is no ô in font pplr7t!
Missing character: There is no ‚ in font pplr7t!
Missing character: There is no Ä in font pplr7t!
Missing character: There is no ì in font pplr7t!
Missing character: There is no ‚ in font pplr7t!
Missing character: There is no Ä in font pplr7t!
Missing character: There is no ô in font pplr7t!

Underfull \vbox (badness 10000) has occurred while \output is active []

 [2

]
Underfull \hbox (badness 10000) in paragraph at lines 742--742

 []

Missing character: There is no ‚ in font pplr7t!
Missing character: There is no Ä in font pplr7t!
Missing character: There is no ì in font pplr7t!
Missing character: There is no ‚ in font pplr7t!
Missing character: There is no Ä in font pplr7t!
Missing character: There is no ô in font pplr7t!
Missing character: There is no ‚ in font pplr7t!
Missing character: There is no Ä in font pplr7t!
Missing character: There is no ì in font pplr7t!
Missing character: There is no ‚ in font pplr7t!
Missing character: There is no Ä in font pplr7t!
Missing character: There is no ì in font pplr7t!
Missing character: There is no ‚ in font pplr7t!
Missing character: There is no Ä in font pplr7t!
Missing character: There is no ô in font pplr7t!
Missing character: There is no ‚ in font pplr7t!
Missing character: There is no Ä in font pplr7t!
Missing character: There is no ì in font pplr7t!
Missing character: There is no ‚ in font pplr7t!
Missing character: There is no Ä in font pplr7t!
Missing character: There is no ì in font pplr7t!
Missing character: There is no ‚ in font pplr7t!
Missing character: There is no Ä in font pplr7t!
Missing character: There is no ô in font pplr7t!
Missing character: There is no ‚ in font pplr7t!
Missing character: There is no Ä in font pplr7t!
Missing character: There is no ì in font pplr7t!
Missing character: There is no ‚ in font pplr7t!
Missing character: There is no Ä in font pplr7t!
Missing character: There is no ô in font pplr7t!
Missing character: There is no ‚ in font pplr7t!
Missing character: There is no Ä in font pplr7t!
Missing character: There is no ô in font pplr7t!
Missing character: There is no ‚ in font pplr7t!
Missing character: There is no Ä in font pplr7t!
Missing character: There is no ô in font pplr7t!
Missing character: There is no ‚ in font pplr7t!
Missing character: There is no Ä in font pplr7t!
Missing character: There is no ô in font pplr7t!
Missing character: There is no ‚ in font pplr7t!
Missing character: There is no Ä in font pplr7t!
Missing character: There is no ô in font pplr7t!
[3]
Missing character: There is no ‚ in font pplr7t!
Missing character: There is no Ä in font pplr7t!
Missing character: There is no ò in font pplr7t!
Missing character: There is no ‚ in font pplr7t!
Missing character: There is no Ä in font pplr7t!
Missing character: There is no ô in font pplr7t!
Missing character: There is no ‚ in font pplr7t!
Missing character: There is no Ä in font pplr7t!
Missing character: There is no ô in font pplr7t!
Missing character: There is no ‚ in font pplr7t!
Missing character: There is no Ä in font pplr7t!
Missing character: There is no ô in font pplr7t!

Underfull \hbox (badness 10000) in paragraph at lines 822--822

 []

Missing character: There is no ‚ in font pplr7t!
Missing character: There is no Ä in font pplr7t!
Missing character: There is no ò in font pplr7t!
Missing character: There is no ‚ in font pplr7t!
Missing character: There is no Ä in font pplr7t!
Missing character: There is no ô in font pplr7t!
<names.png, id=19, 493.845pt x 238.64156pt>
File: names.png Graphic file (type png)
 <use names.png>
Package pdftex.def Info: names.png used on input line 847.
(pdftex.def)             Requested size: 258.9675pt x 125.13939pt.

Overfull \hbox (6.0225pt too wide) in paragraph at lines 847--848
 [][] 
 []

Missing character: There is no ‚ in font pplr7t!
Missing character: There is no Ä in font pplr7t!
Missing character: There is no ô in font pplr7t!
[4 <./names.png>]
Underfull \hbox (badness 10000) in paragraph at lines 890--894

 []


Underfull \hbox (badness 10000) in paragraph at lines 890--894

 []


Underfull \hbox (badness 10000) in paragraph at lines 890--894

 []


Underfull \hbox (badness 10000) in paragraph at lines 904--904

 []

Missing character: There is no ‚ in font pplr7t!
Missing character: There is no Ä in font pplr7t!
Missing character: There is no ô in font pplr7t!

Underfull \hbox (badness 10000) in paragraph at lines 905--912

 []


Underfull \hbox (badness 10000) in paragraph at lines 915--915

 []

Missing character: There is no ‚ in font pplr7t!
Missing character: There is no Ä in font pplr7t!
Missing character: There is no ô in font pplr7t!

Underfull \hbox (badness 3623) in paragraph at lines 923--923
 \OT1/phv/m/sl/9.53561 4.1.3 From the data that pro-gram learned, pro-gram
 []


Underfull \hbox (badness 10000) in paragraph at lines 923--923

 []


Underfull \hbox (badness 10000) in paragraph at lines 929--929

 []


Underfull \hbox (badness 10000) in paragraph at lines 931--931

 []

Missing character: There is no ‚ in font pplr7t!
Missing character: There is no Ä in font pplr7t!
Missing character: There is no ô in font pplr7t!
Missing character: There is no ‚ in font pplr7t!
Missing character: There is no Ä in font pplr7t!
Missing character: There is no ì in font pplr7t!

Underfull \hbox (badness 10000) in paragraph at lines 945--945

 []

Missing character: There is no ‚ in font pplr7t!
Missing character: There is no Ä in font pplr7t!
Missing character: There is no ô in font pplr7t!
[5]
Underfull \hbox (badness 10000) in paragraph at lines 954--954

 []

Missing character: There is no ‚ in font pplr7t!
Missing character: There is no Ä in font pplr7t!
Missing character: There is no ô in font pplr7t!
Missing character: There is no ‚ in font pplr7t!
Missing character: There is no Ä in font pplr7t!
Missing character: There is no ô in font pplr7t!
Missing character: There is no ‚ in font pplr7t!
Missing character: There is no Ä in font pplr7t!
Missing character: There is no ô in font pplr7t!
Missing character: There is no ‚ in font pplr7t!
Missing character: There is no Ä in font pplr7t!
Missing character: There is no ô in font pplr7t!

Underfull \hbox (badness 6204) in paragraph at lines 962--962
 \OT1/phv/m/sl/9.53561 4.2.4 User can change mode be-tween vowels-only,
 []


Underfull \hbox (badness 10000) in paragraph at lines 962--962

 []

Missing character: There is no ‚ in font pplr7t!
Missing character: There is no Ä in font pplr7t!
Missing character: There is no ô in font pplr7t!
Missing character: There is no ‚ in font pplr7t!
Missing character: There is no Ä in font pplr7t!
Missing character: There is no ô in font pplr7t!

Underfull \hbox (badness 1496) in paragraph at lines 963--968
\OT1/ppl/m/n/9.53561 Implementation pro-cess: rec-og-nize users se-lec-tion and

 []


Underfull \hbox (badness 10000) in paragraph at lines 970--970

 []

Missing character: There is no ‚ in font pplr7t!
Missing character: There is no Ä in font pplr7t!
Missing character: There is no ô in font pplr7t!
Missing character: There is no ‚ in font pplr7t!
Missing character: There is no Ä in font pplr7t!
Missing character: There is no ì in font pplr7t!
Missing character: There is no ‚ in font pplr7t!
Missing character: There is no Ä in font pplr7t!
Missing character: There is no ì in font pplr7t!
Missing character: There is no ‚ in font pplr7t!
Missing character: There is no Ä in font pplr7t!
Missing character: There is no ô in font pplr7t!
Missing character: There is no ‚ in font pplr7t!
Missing character: There is no Ä in font pplr7t!
Missing character: There is no ô in font pplr7t!
Missing character: There is no ‚ in font pplr7t!
Missing character: There is no Ä in font pplr7t!
Missing character: There is no ô in font pplr7t!
Missing character: There is no ‚ in font pplr7t!
Missing character: There is no Ä in font pplr7t!
Missing character: There is no ì in font pplr7t!

Underfull \hbox (badness 6204) in paragraph at lines 981--981
 \OT1/phv/m/sl/9.53561 4.2.6 User can change mode be-tween vowels-only,
 []


Underfull \hbox (badness 10000) in paragraph at lines 981--981

 []

Missing character: There is no ‚ in font pplr7t!
Missing character: There is no Ä in font pplr7t!
Missing character: There is no ô in font pplr7t!
Missing character: There is no ‚ in font pplr7t!
Missing character: There is no Ä in font pplr7t!
Missing character: There is no ô in font pplr7t!

Underfull \hbox (badness 1496) in paragraph at lines 983--988
\OT1/ppl/m/n/9.53561 Implementation pro-cess: rec-og-nize users se-lec-tion and

 []

Missing character: There is no ‚ in font pplr7t!
Missing character: There is no Ä in font pplr7t!
Missing character: There is no ô in font pplr7t!
Missing character: There is no ‚ in font pplr7t!
Missing character: There is no Ä in font pplr7t!
Missing character: There is no ô in font pplr7t!
Missing character: There is no ‚ in font pplr7t!
Missing character: There is no Ä in font pplr7t!
Missing character: There is no ô in font pplr7t!
Missing character: There is no ‚ in font pplr7t!
Missing character: There is no Ä in font pplr7t!
Missing character: There is no ô in font pplr7t!

Underfull \hbox (badness 10000) in paragraph at lines 998--998

 []

Missing character: There is no ‚ in font pplr7t!
Missing character: There is no Ä in font pplr7t!
Missing character: There is no ô in font pplr7t!
Missing character: There is no ‚ in font pplr7t!
Missing character: There is no Ä in font pplr7t!
Missing character: There is no ô in font pplr7t!
Missing character: There is no ‚ in font pplr7t!
Missing character: There is no Ä in font pplr7t!
Missing character: There is no ô in font pplr7t!
Missing character: There is no ‚ in font pplr7t!
Missing character: There is no Ä in font pplr7t!
Missing character: There is no ô in font pplr7t!

Underfull \hbox (badness 10000) in paragraph at lines 1006--1006

 []

Missing character: There is no ‚ in font pplr7t!
Missing character: There is no Ä in font pplr7t!
Missing character: There is no ò in font pplr7t!
Missing character: There is no ‚ in font pplr7t!
Missing character: There is no Ä in font pplr7t!
Missing character: There is no ô in font pplr7t!

Underfull \hbox (badness 10000) in paragraph at lines 1010--1010

 []

[6]
Underfull \hbox (badness 10000) in paragraph at lines 1016--1016

 []

Missing character: There is no ‚ in font pplr7t!
Missing character: There is no Ä in font pplr7t!
Missing character: There is no ô in font pplr7t!
Missing character: There is no ‚ in font pplr7t!
Missing character: There is no Ä in font pplr7t!
Missing character: There is no ô in font pplr7t!
Missing character: There is no ‚ in font pplr7t!
Missing character: There is no Ä in font pplr7t!
Missing character: There is no ò in font pplr7t!
Missing character: There is no ‚ in font pplr7t!
Missing character: There is no Ä in font pplr7t!
Missing character: There is no ô in font pplr7t!
Missing character: There is no ‚ in font pplr7t!
Missing character: There is no Ä in font pplr7t!
Missing character: There is no ô in font pplr7t!
Missing character: There is no ‚ in font pplr7t!
Missing character: There is no Ä in font pplr7t!
Missing character: There is no ô in font pplr7t!
Missing character: There is no ‚ in font pplr7t!
Missing character: There is no Ä in font pplr7t!
Missing character: There is no ò in font pplr7t!
Missing character: There is no ‚ in font pplr7t!
Missing character: There is no Ä in font pplr7t!
Missing character: There is no ô in font pplr7t!

Underfull \hbox (badness 1400) in paragraph at lines 1029--1029
 \OT1/phv/m/sl/9.53561 4.3.5 User can see his(or her) ac-cu-mu-lated his-tor-i-
cal
 []


Underfull \hbox (badness 10000) in paragraph at lines 1029--1029

 []

Missing character: There is no ‚ in font pplr7t!
Missing character: There is no Ä in font pplr7t!
Missing character: There is no ô in font pplr7t!

Underfull \hbox (badness 10000) in paragraph at lines 1035--1035

 []


Underfull \hbox (badness 10000) in paragraph at lines 1042--1042

 []


Underfull \hbox (badness 10000) in paragraph at lines 1046--1046
 \OT1/phv/m/sl/9.53561 4.3.8 Adding the ex-pla-na-tion file (ex-Readme) for
 []


Underfull \hbox (badness 10000) in paragraph at lines 1046--1046

 []

Missing character: There is no ‚ in font pplr7t!
Missing character: There is no Ä in font pplr7t!
Missing character: There is no ô in font pplr7t!

Underfull \hbox (badness 3977) in paragraph at lines 1050--1050
 \OT1/phv/m/sl/9.53561 4.3.9 Ex-ist-ing com-mu-ni-ca-tion chan-nel for re-pair 
and
 []


Underfull \hbox (badness 10000) in paragraph at lines 1050--1050

 []

Missing character: There is no ‚ in font pplr7t!
Missing character: There is no Ä in font pplr7t!
Missing character: There is no ô in font pplr7t!

Underfull \hbox (badness 10000) in paragraph at lines 1054--1054

 []


Underfull \hbox (badness 10000) in paragraph at lines 1055--1055

 []

<capture.png, id=31, 505.89pt x 344.03531pt>
File: capture.png Graphic file (type png)
 <use capture.png>
Package pdftex.def Info: capture.png used on input line 1060.
(pdftex.def)             Requested size: 258.9675pt x 176.11713pt.

Overfull \hbox (6.0225pt too wide) in paragraph at lines 1060--1061
 [][] 
 []


Underfull \hbox (badness 10000) in paragraph at lines 1064--1064

 []

<mainpage.png, id=32, 780.66656pt x 481.8pt>
File: mainpage.png Graphic file (type png)
 <use mainpage.png>
Package pdftex.def Info: mainpage.png used on input line 1070.
(pdftex.def)             Requested size: 258.9675pt x 159.82523pt.

Overfull \hbox (6.0225pt too wide) in paragraph at lines 1070--1071
 [][] 
 []

[7 <./capture.png>]
Underfull \hbox (badness 10000) in paragraph at lines 1073--1073

 []

<cap_login.png, id=38, 779.16093pt x 480.29437pt>
File: cap_login.png Graphic file (type png)
 <use cap_login.png>
Package pdftex.def Info: cap_login.png used on input line 1081.
(pdftex.def)             Requested size: 258.9675pt x 159.63358pt.

Overfull \hbox (6.0225pt too wide) in paragraph at lines 1081--1082
 [][] 
 []


Underfull \hbox (badness 10000) in paragraph at lines 1084--1084

 []

<cap_tutorial.png, id=39, 782.17218pt x 481.04718pt>
File: cap_tutorial.png Graphic file (type png)
 <use cap_tutorial.png>
Package pdftex.def Info: cap_tutorial.png used on input line 1093.
(pdftex.def)             Requested size: 258.9675pt x 159.26721pt.

Overfull \hbox (6.0225pt too wide) in paragraph at lines 1093--1094
 [][] 
 []


Underfull \hbox (badness 10000) in paragraph at lines 1096--1096

 []

<SVM.jpg, id=40, 120.45pt x 88.1694pt>
File: SVM.jpg Graphic file (type jpg)
 <use SVM.jpg>
Package pdftex.def Info: SVM.jpg used on input line 1104.
(pdftex.def)             Requested size: 258.9675pt x 189.58336pt.

Overfull \hbox (6.0225pt too wide) in paragraph at lines 1104--1105
 [][] 
 []


Underfull \hbox (badness 10000) in paragraph at lines 1107--1107

 []


Underfull \vbox (badness 2837) has occurred while \output is active []

 [8 <./mainpage.png> <./cap_login.png> <./cap_tutorial.png> <./SVM.jpg>]
Underfull \hbox (badness 10000) in paragraph at lines 1114--1114

 []

Missing character: There is no ‚ in font pplr7t!
Missing character: There is no Ä in font pplr7t!
Missing character: There is no ô in font pplr7t!
<cap_basic_prac.png, id=47, 780.66656pt x 479.54156pt>
File: cap_basic_prac.png Graphic file (type png)

<use cap_basic_prac.png>
Package pdftex.def Info: cap_basic_prac.png used on input line 1120.
(pdftex.def)             Requested size: 258.9675pt x 159.07605pt.

Overfull \hbox (6.0225pt too wide) in paragraph at lines 1120--1121
 [][] 
 []


Underfull \hbox (badness 10000) in paragraph at lines 1123--1123

 []

Missing character: There is no ‚ in font pplr7t!
Missing character: There is no Ä in font pplr7t!
Missing character: There is no ô in font pplr7t!
<cap_word_prac.png, id=48, 780.66656pt x 480.29437pt>
File: cap_word_prac.png Graphic file (type png)
 <use cap_word_prac.png>
Package pdftex.def Info: cap_word_prac.png used on input line 1128.
(pdftex.def)             Requested size: 258.9675pt x 159.32576pt.

Overfull \hbox (6.0225pt too wide) in paragraph at lines 1128--1129
 [][] 
 []


Underfull \vbox (badness 10000) has occurred while \output is active []


Underfull \hbox (badness 10000) in paragraph at lines 1131--1131

 []

Missing character: There is no ‚ in font pplr7t!
Missing character: There is no Ä in font pplr7t!
Missing character: There is no ô in font pplr7t!
Missing character: There is no ‚ in font pplr7t!
Missing character: There is no Ä in font pplr7t!
Missing character: There is no ô in font pplr7t!
<cap_rain_game.png, id=49, 779.16093pt x 478.03593pt>
File: cap_rain_game.png Graphic file (type png)
 <use cap_rain_game.png>
Package pdftex.def Info: cap_rain_game.png used on input line 1136.
(pdftex.def)             Requested size: 258.9675pt x 158.88295pt.

Overfull \hbox (6.0225pt too wide) in paragraph at lines 1136--1137
 [][] 
 []


Underfull \hbox (badness 10000) in paragraph at lines 1142--1142

 []


Underfull \hbox (badness 10000) in paragraph at lines 1143--1143

 []

Missing character: There is no ‚ in font pplr7t!
Missing character: There is no Ä in font pplr7t!
Missing character: There is no ò in font pplr7t!
Missing character: There is no ‚ in font pplr7t!
Missing character: There is no Ä in font pplr7t!
Missing character: There is no ô in font pplr7t!
Missing character: There is no ‚ in font pplr7t!
Missing character: There is no Ä in font pplr7t!
Missing character: There is no ò in font pplr7t!
Missing character: There is no ‚ in font pplr7t!
Missing character: There is no Ä in font pplr7t!
Missing character: There is no ô in font pplr7t!
Missing character: There is no ‚ in font pplr7t!
Missing character: There is no Ä in font pplr7t!
Missing character: There is no ò in font pplr7t!
Missing character: There is no Ì in font pplr7t!
Missing character: There is no ö in font pplr7t!
Missing character: There is no å in font pplr7t!
Missing character: There is no Ï in font pplr7t!
Missing character: There is no õ in font pplr7t!
Missing character: There is no ê in font pplr7t!
Missing character: There is no Í in font pplr7t!
Missing character: There is no ∞ in font pplr7t!
Missing character: There is no Ä in font pplr7t!
Missing character: There is no Ï in font pplr7t!
Missing character: There is no û in font pplr7t!
Missing character: There is no Ö in font pplr7t!
Missing character: There is no ‚ in font pplr7t!
Missing character: There is no Ä in font pplr7t!
Missing character: There is no ô in font pplr7t!
Missing character: There is no ‚ in font pplr7t!
Missing character: There is no Ä in font pplr7t!
Missing character: There is no ò in font pplr7t!
Missing character: There is no Ì in font pplr7t!
Missing character: There is no ô in font pplr7t!
Missing character: There is no ï in font pplr7t!
Missing character: There is no Ï in font pplr7t!
Missing character: There is no ù in font pplr7t!
Missing character: There is no ∏ in font pplr7t!
Missing character: There is no ‚ in font pplr7t!
Missing character: There is no Ä in font pplr7t!
Missing character: There is no ô in font pplr7t!
Missing character: There is no ‚ in font pplr7t!
Missing character: There is no Ä in font pplr7t!
Missing character: There is no ò in font pplr7t!
Missing character: There is no Î in font pplr7t!
Missing character: There is no ° in font pplr7t!
Missing character: There is no ú in font pplr7t!
Missing character: There is no Í in font pplr7t!
Missing character: There is no ∑ in font pplr7t!
Missing character: There is no ∏ in font pplr7t!
Missing character: There is no Ï in font pplr7t!
Missing character: There is no ù in font pplr7t!
Missing character: There is no ∏ in font pplr7t!
Missing character: There is no ‚ in font pplr7t!
Missing character: There is no Ä in font pplr7t!
Missing character: There is no ô in font pplr7t!
[9 <./cap_basic_prac.png> <./cap_word_prac.png> <./cap_rain_game.png>]
Underfull \hbox (badness 10000) in paragraph at lines 1160--1160

 []

Missing character: There is no ‚ in font pplr7t!
Missing character: There is no Ä in font pplr7t!
Missing character: There is no ò in font pplr7t!
Missing character: There is no ‚ in font pplr7t!
Missing character: There is no Ä in font pplr7t!
Missing character: There is no ô in font pplr7t!
Missing character: There is no ‚ in font pplr7t!
Missing character: There is no Ä in font pplr7t!
Missing character: There is no ò in font pplr7t!
Missing character: There is no Í in font pplr7t!
Missing character: There is no ∞ in font pplr7t!
Missing character: There is no ú in font pplr7t!
Missing character: There is no Ï in font pplr7t!
Missing character: There is no ù in font pplr7t!
Missing character: There is no ∏ in font pplr7t!
Missing character: There is no Í in font pplr7t!
Missing character: There is no ∏ in font pplr7t!
Missing character: There is no ∞ in font pplr7t!
Missing character: There is no Î in font pplr7t!
Missing character: There is no ° in font pplr7t!
Missing character: There is no ù in font pplr7t!
Missing character: There is no ‚ in font pplr7t!
Missing character: There is no Ä in font pplr7t!
Missing character: There is no ô in font pplr7t!
Missing character: There is no ‚ in font pplr7t!
Missing character: There is no Ä in font pplr7t!
Missing character: There is no ô in font pplr7t!

Underfull \hbox (badness 10000) in paragraph at lines 1175--1175

 []

Missing character: There is no ‚ in font pplr7t!
Missing character: There is no Ä in font pplr7t!
Missing character: There is no ò in font pplr7t!
Missing character: There is no ‚ in font pplr7t!
Missing character: There is no Ä in font pplr7t!
Missing character: There is no ô in font pplr7t!
Missing character: There is no ‚ in font pplr7t!
Missing character: There is no Ä in font pplr7t!
Missing character: There is no ô in font pplr7t!

Underfull \hbox (badness 10000) in paragraph at lines 1188--1188

 []

Missing character: There is no ‚ in font pplr7t!
Missing character: There is no Ä in font pplr7t!
Missing character: There is no ò in font pplr7t!
Missing character: There is no ‚ in font pplr7t!
Missing character: There is no Ä in font pplr7t!
Missing character: There is no ô in font pplr7t!
Missing character: There is no ‚ in font pplr7t!
Missing character: There is no Ä in font pplr7t!
Missing character: There is no ò in font pplr7t!
Missing character: There is no Ï in font pplr7t!
Missing character: There is no û in font pplr7t!
Missing character: There is no ê in font pplr7t!
Missing character: There is no Î in font pplr7t!
Missing character: There is no ® in font pplr7t!
Missing character: There is no Ï in font pplr7t!
Missing character: There is no ù in font pplr7t!
Missing character: There is no å in font pplr7t!
Missing character: There is no Ï in font pplr7t!
Missing character: There is no ó in font pplr7t!
Missing character: There is no ∞ in font pplr7t!
Missing character: There is no Ï in font pplr7t!
Missing character: There is no µ in font pplr7t!
Missing character: There is no ‚ in font pplr7t!
Missing character: There is no Ä in font pplr7t!
Missing character: There is no ô in font pplr7t!
Missing character: There is no ‚ in font pplr7t!
Missing character: There is no Ä in font pplr7t!
Missing character: There is no ô in font pplr7t!

Underfull \hbox (badness 10000) in paragraph at lines 1211--1211

 []

Missing character: There is no ‚ in font pplr7t!
Missing character: There is no Ä in font pplr7t!
Missing character: There is no ò in font pplr7t!
Missing character: There is no ‚ in font pplr7t!
Missing character: There is no Ä in font pplr7t!
Missing character: There is no ô in font pplr7t!
Missing character: There is no ‚ in font pplr7t!
Missing character: There is no Ä in font pplr7t!
Missing character: There is no ò in font pplr7t!
Missing character: There is no Î in font pplr7t!
Missing character: There is no Ç in font pplr7t!
Missing character: There is no ± in font pplr7t!
Missing character: There is no Î in font pplr7t!
Missing character: There is no ß in font pplr7t!
Missing character: There is no ê in font pplr7t!
Missing character: There is no Ï in font pplr7t!
Missing character: There is no ó in font pplr7t!
Missing character: There is no ∞ in font pplr7t!
Missing character: There is no Ï in font pplr7t!
Missing character: There is no µ in font pplr7t!
Missing character: There is no ‚ in font pplr7t!
Missing character: There is no Ä in font pplr7t!
Missing character: There is no ô in font pplr7t!
Missing character: There is no ‚ in font pplr7t!
Missing character: There is no Ä in font pplr7t!
Missing character: There is no ô in font pplr7t!

Underfull \hbox (badness 10000) in paragraph at lines 1232--1232

 []

Missing character: There is no ‚ in font pplr7t!
Missing character: There is no Ä in font pplr7t!
Missing character: There is no ò in font pplr7t!
Missing character: There is no ‚ in font pplr7t!
Missing character: There is no Ä in font pplr7t!
Missing character: There is no ô in font pplr7t!
Missing character: There is no ‚ in font pplr7t!
Missing character: There is no Ä in font pplr7t!
Missing character: There is no ò in font pplr7t!
Missing character: There is no Î in font pplr7t!
Missing character: There is no Ç in font pplr7t!
Missing character: There is no ± in font pplr7t!
Missing character: There is no Î in font pplr7t!
Missing character: There is no ß in font pplr7t!
Missing character: There is no ê in font pplr7t!
Missing character: There is no Ï in font pplr7t!
Missing character: There is no ó in font pplr7t!
Missing character: There is no ∞ in font pplr7t!
Missing character: There is no Ï in font pplr7t!
Missing character: There is no µ in font pplr7t!
Missing character: There is no ‚ in font pplr7t!
Missing character: There is no Ä in font pplr7t!
Missing character: There is no ô in font pplr7t!
Missing character: There is no ‚ in font pplr7t!
Missing character: There is no Ä in font pplr7t!
Missing character: There is no ô in font pplr7t!
[10]
Underfull \hbox (badness 10000) in paragraph at lines 1254--1254

 []

Missing character: There is no ‚ in font pplr7t!
Missing character: There is no Ä in font pplr7t!
Missing character: There is no ò in font pplr7t!
Missing character: There is no ‚ in font pplr7t!
Missing character: There is no Ä in font pplr7t!
Missing character: There is no ò in font pplr7t!
Missing character: There is no Ï in font pplr7t!
Missing character: There is no û in font pplr7t!
Missing character: There is no ê in font pplr7t!
Missing character: There is no Î in font pplr7t!
Missing character: There is no ® in font pplr7t!
Missing character: There is no Ï in font pplr7t!
Missing character: There is no ù in font pplr7t!
Missing character: There is no å in font pplr7t!
Missing character: There is no Í in font pplr7t!
Missing character: There is no ≤ in font pplr7t!
Missing character: There is no å in font pplr7t!
Missing character: There is no Ï in font pplr7t!
Missing character: There is no û in font pplr7t!
Missing character: There is no Ñ in font pplr7t!
Missing character: There is no ‚ in font pplr7t!
Missing character: There is no Ä in font pplr7t!
Missing character: There is no ô in font pplr7t!
Missing character: There is no ‚ in font pplr7t!
Missing character: There is no Ä in font pplr7t!
Missing character: There is no ô in font pplr7t!

Underfull \hbox (badness 10000) in paragraph at lines 1277--1277

 []

Missing character: There is no ‚ in font pplr7t!
Missing character: There is no Ä in font pplr7t!
Missing character: There is no ò in font pplr7t!
Missing character: There is no ‚ in font pplr7t!
Missing character: There is no Ä in font pplr7t!
Missing character: There is no ò in font pplr7t!
Missing character: There is no Î in font pplr7t!
Missing character: There is no Ç in font pplr7t!
Missing character: There is no ± in font pplr7t!
Missing character: There is no Î in font pplr7t!
Missing character: There is no ß in font pplr7t!
Missing character: There is no ê in font pplr7t!
Missing character: There is no Í in font pplr7t!
Missing character: There is no ≤ in font pplr7t!
Missing character: There is no å in font pplr7t!
Missing character: There is no Ï in font pplr7t!
Missing character: There is no û in font pplr7t!
Missing character: There is no Ñ in font pplr7t!
Missing character: There is no ‚ in font pplr7t!
Missing character: There is no Ä in font pplr7t!
Missing character: There is no ô in font pplr7t!
Missing character: There is no ‚ in font pplr7t!
Missing character: There is no Ä in font pplr7t!
Missing character: There is no ô in font pplr7t!

Underfull \hbox (badness 10000) in paragraph at lines 1298--1298

 []

Missing character: There is no ‚ in font pplr7t!
Missing character: There is no Ä in font pplr7t!
Missing character: There is no ò in font pplr7t!
Missing character: There is no ‚ in font pplr7t!
Missing character: There is no Ä in font pplr7t!
Missing character: There is no ô in font pplr7t!
Missing character: There is no ‚ in font pplr7t!
Missing character: There is no Ä in font pplr7t!
Missing character: There is no ò in font pplr7t!
Missing character: There is no Í in font pplr7t!
Missing character: There is no ≥ in font pplr7t!
Missing character: There is no µ in font pplr7t!
Missing character: There is no Ï in font pplr7t!
Missing character: There is no ú in font pplr7t!
Missing character: There is no † in font pplr7t!
Missing character: There is no Ì in font pplr7t!
Missing character: There is no ï in font pplr7t!
Missing character: There is no ò in font pplr7t!
Missing character: There is no Í in font pplr7t!
Missing character: There is no ∏ in font pplr7t!
Missing character: There is no ∞ in font pplr7t!
Missing character: There is no ‚ in font pplr7t!
Missing character: There is no Ä in font pplr7t!
Missing character: There is no ô in font pplr7t!
Missing character: There is no ‚ in font pplr7t!
Missing character: There is no Ä in font pplr7t!
Missing character: There is no ô in font pplr7t!
Missing character: There is no ‚ in font pplr7t!
Missing character: There is no Ä in font pplr7t!
Missing character: There is no ò in font pplr7t!
Missing character: There is no Í in font pplr7t!
Missing character: There is no ≥ in font pplr7t!
Missing character: There is no µ in font pplr7t!
Missing character: There is no Ï in font pplr7t!
Missing character: There is no ú in font pplr7t!
Missing character: There is no † in font pplr7t!
Missing character: There is no Ì in font pplr7t!
Missing character: There is no ï in font pplr7t!
Missing character: There is no ò in font pplr7t!
Missing character: There is no Í in font pplr7t!
Missing character: There is no ∏ in font pplr7t!
Missing character: There is no ∞ in font pplr7t!
Missing character: There is no ‚ in font pplr7t!
Missing character: There is no Ä in font pplr7t!
Missing character: There is no ô in font pplr7t!

Underfull \hbox (badness 1629) in paragraph at lines 1299--1324
\OT1/ppl/m/n/9.53561 This use case sat-is-fies Post-ing text en-tered by hand
 []


Underfull \hbox (badness 10000) in paragraph at lines 1299--1324

 []


Underfull \hbox (badness 10000) in paragraph at lines 1299--1324

 []

Missing character: There is no ¬ in font pplr7t!
Missing character: There is no Æ in font pplr7t!
Missing character: There is no ¬ in font pplr7t!
Missing character: There is no Æ in font pplr7t!
Missing character: There is no ‚ in font pplr7t!
Missing character: There is no Ñ in font pplr7t!
Missing character: There is no ¢ in font pplr7t!
Missing character: There is no ¬ in font pplr7t!
Missing character: There is no Æ in font pplr7t!
Missing character: There is no ‚ in font pplr7t!
Missing character: There is no Ñ in font pplr7t!
Missing character: There is no ¢ in font pplr7t!

Underfull \hbox (badness 10000) in paragraph at lines 1339--1341

 []

<Internet.png, id=59, 88.07906pt x 29.35968pt>
File: Internet.png Graphic file (type png)
 <use Internet.png>
Package pdftex.def Info: Internet.png used on input line 1344.
(pdftex.def)             Requested size: 258.9675pt x 86.3383pt.

Overfull \hbox (6.0225pt too wide) in paragraph at lines 1344--1345
 [][] 
 []

<Connection.png, id=60, 26.34843pt x 24.84282pt>
File: Connection.png Graphic file (type png)
 <use Connection.png>
Package pdftex.def Info: Connection.png used on input line 1350.
(pdftex.def)             Requested size: 155.38206pt x 146.52843pt.

Underfull \hbox (badness 10000) in paragraph at lines 1347--1353

 []

[11 <./Internet.png>] <address.png, id=64, 513.41812pt x 417.05812pt>
File: address.png Graphic file (type png)

<use address.png>
Package pdftex.def Info: address.png used on input line 1358.
(pdftex.def)             Requested size: 155.38206pt x 126.21933pt.

Underfull \hbox (badness 10000) in paragraph at lines 1355--1360

 []

<Download.png, id=65, 280.04625pt x 47.42719pt>
File: Download.png Graphic file (type png)
 <use Download.png>
Package pdftex.def Info: Download.png used on input line 1365.
(pdftex.def)             Requested size: 155.38206pt x 26.31587pt.

Underfull \hbox (badness 10000) in paragraph at lines 1362--1367

 []

<Download1.png, id=66, 357.58594pt x 258.9675pt>
File: Download1.png Graphic file (type png)
 <use Download1.png>
Package pdftex.def Info: Download1.png used on input line 1373.
(pdftex.def)             Requested size: 155.38206pt x 112.53139pt.

<Download3.png, id=67, 448.67625pt x 276.28218pt>
File: Download3.png Graphic file (type png)
 <use Download3.png>
Package pdftex.def Info: Download3.png used on input line 1380.
(pdftex.def)             Requested size: 155.38206pt x 95.68pt.

Underfull \hbox (badness 10000) in paragraph at lines 1377--1382

 []

<Download4.png, id=68, 1023.825pt x 548.0475pt>
File: Download4.png Graphic file (type png)
 <use Download4.png>
Package pdftex.def Info: Download4.png used on input line 1387.
(pdftex.def)             Requested size: 155.38206pt x 83.17363pt.

Underfull \hbox (badness 10000) in paragraph at lines 1391--1393

 []


Underfull \hbox (badness 10000) in paragraph at lines 1394--1396

 []

File: Internet.png Graphic file (type png)
<use Internet.png>
Package pdftex.def Info: Internet.png used on input line 1399.
(pdftex.def)             Requested size: 258.9675pt x 86.3383pt.

Overfull \hbox (6.0225pt too wide) in paragraph at lines 1399--1400
 [][] 
 []


Underfull \hbox (badness 10000) in paragraph at lines 1403--1404

 []

File: Connection.png Graphic file (type png)
<use Connection.png>
Package pdftex.def Info: Connection.png used on input line 1407.
(pdftex.def)             Requested size: 155.38206pt x 146.52843pt.

Underfull \vbox (badness 5970) has occurred while \output is active []

 [12 <./Connection.png> <./address.png> <./Download.png> <./Download1.png> <./D
ownload3.png> <./Download4.png>]
Underfull \hbox (badness 10000) in paragraph at lines 1412--1413
[]\OT1/ppl/m/n/9.53561 4. Next, in-sert https://github.com/hoiek12/java-
 []


Underfull \hbox (badness 10000) in paragraph at lines 1412--1413

 []

<Download5.png, id=72, 302.63063pt x 43.66313pt>
File: Download5.png Graphic file (type png)
 <use Download5.png>
Package pdftex.def Info: Download5.png used on input line 1416.
(pdftex.def)             Requested size: 155.38206pt x 22.41846pt.

Underfull \hbox (badness 10000) in paragraph at lines 1419--1420

 []

<Download6.png, id=73, 339.51843pt x 152.06813pt>
File: Download6.png Graphic file (type png)
 <use Download6.png>
Package pdftex.def Info: Download6.png used on input line 1423.
(pdftex.def)             Requested size: 155.38206pt x 69.59483pt.
File: mainpage.png Graphic file (type png)

<use mainpage.png>
Package pdftex.def Info: mainpage.png used on input line 1431.
(pdftex.def)             Requested size: 155.38206pt x 95.89513pt.

Underfull \hbox (badness 10000) in paragraph at lines 1426--1433

 []


Underfull \hbox (badness 10000) in paragraph at lines 1434--1438

 []


Underfull \hbox (badness 10000) in paragraph at lines 1434--1438

 []


Underfull \hbox (badness 10000) in paragraph at lines 1434--1438

 []


Underfull \hbox (badness 10000) in paragraph at lines 1443--1443

 []

Missing character: There is no ‚ in font pplr7t!
Missing character: There is no Ä in font pplr7t!
Missing character: There is no ô in font pplr7t!
Missing character: There is no ‚ in font pplr7t!
Missing character: There is no Ä in font pplr7t!
Missing character: There is no ô in font pplr7t!
Missing character: There is no ‚ in font pplr7t!
Missing character: There is no Ä in font pplr7t!
Missing character: There is no ô in font pplr7t!
[13 <./Download5.png> <./Download6.png>]
<My.png, id=78, 813.0375pt x 1084.05pt>
File: My.png Graphic file (type png)
 <use My.png>
Package pdftex.def Info: My.png used on input line 1462.
(pdftex.def)             Requested size: 466.13834pt x 621.52092pt.

Overfull \hbox (213.19334pt too wide) in paragraph at lines 1462--1463
[][] 
 []

[14


 <./My.png (PNG copy)>] (./Software Engineering.aux) ) 
Here is how much of TeX's memory you used:
 4140 strings out of 493014
 69275 string characters out of 6137001
 136743 words of memory out of 5000000
 7619 multiletter control sequences out of 15000+600000
 45988 words of font info for 95 fonts, out of 8000000 for 9000
 1144 hyphenation exceptions out of 8191
 38i,6n,39p,1448b,288s stack positions out of 5000i,500n,10000p,200000b,80000s
{c:/texlive/2016/texmf-di
st/fonts/enc/dvips/base/8r.enc}<c:/texlive/2016/texmf-dist/fonts/type1/public/a
msfonts/cm/cmsy8.pfb><c:/texlive/2016/texmf-dist/fonts/type1/urw/helvetic/uhvb8
a.pfb><c:/texlive/2016/texmf-dist/fonts/type1/urw/helvetic/uhvr8a.pfb><c:/texli
ve/2016/texmf-dist/fonts/type1/urw/helvetic/uhvro8a.pfb><c:/texlive/2016/texmf-
dist/fonts/type1/urw/palatino/uplr8a.pfb><c:/texlive/2016/texmf-dist/fonts/type
1/urw/palatino/uplri8a.pfb><c:/texlive/2016/texmf-dist/fonts/type1/urw/zapfding
/uzdr.pfb>
Output written on "Software Engineering.pdf" (14 pages, 1155865 bytes).
PDF statistics:
 107 PDF objects out of 1000 (max. 8388607)
 56 compressed objects within 1 object stream
 0 named destinations out of 1000 (max. 500000)
 96 words of extra memory for PDF output out of 10000 (max. 10000000)

